<?xml version="1.0" encoding="UTF-8"?>
<testng-results ignored="0" total="1" passed="1" failed="0" skipped="0">
  <reporter-output>
  </reporter-output>
  <suite started-at="2022-10-15T20:36:27 PDT" name="Default suite" finished-at="2022-10-15T20:37:04 PDT" duration-ms="36306">
    <groups>
    </groups>
    <test started-at="2022-10-15T20:36:27 PDT" name="Default test" finished-at="2022-10-15T20:37:04 PDT" duration-ms="36306">
      <class name="Test_Scenarios.TestMethods_SwagLabs">
        <test-method is-config="true" signature="beforetest()[pri:0, instance:Test_Scenarios.TestMethods_SwagLabs@65c7a252]" started-at="2022-10-15T20:36:27 PDT" name="beforetest" finished-at="2022-10-15T20:36:30 PDT" duration-ms="2689" status="PASS">
          <reporter-output>
          </reporter-output>
        </test-method> <!-- beforetest -->
        <test-method signature="LoginToSwagLabs()[pri:0, instance:Test_Scenarios.TestMethods_SwagLabs@65c7a252]" started-at="2022-10-15T20:36:30 PDT" name="LoginToSwagLabs" finished-at="2022-10-15T20:37:03 PDT" duration-ms="33280" status="PASS">
          <reporter-output>
          </reporter-output>
        </test-method> <!-- LoginToSwagLabs -->
        <test-method is-config="true" signature="afterTest()[pri:0, instance:Test_Scenarios.TestMethods_SwagLabs@65c7a252]" started-at="2022-10-15T20:37:03 PDT" name="afterTest" finished-at="2022-10-15T20:37:04 PDT" duration-ms="282" status="PASS">
          <reporter-output>
          </reporter-output>
        </test-method> <!-- afterTest -->
      </class> <!-- Test_Scenarios.TestMethods_SwagLabs -->
    </test> <!-- Default test -->
  </suite> <!-- Default suite -->
</testng-results>
